### ISSUE TITLE
Target process crashes when attaching with frida

### ISSUE THREAD

**Issue by martinclauss** [frida/frida-core#336]
Hi :-)

I wanted to attach to a process and the process crashes. I have two terminals:

Terminal 1
```
$ frida --version
12.11.6
$ frida -p $(pidof flug)
     ____
    / _  |   Frida 12.11.6 - A world-class dynamic instrumentation toolkit
   | (_| |
    > _  |   Commands:
   /_/ |_|       help      -> Displays the help system
   . . . .       object?   -> Display information about 'object'
   . . . .       exit/quit -> Exit
   . . . .
   . . . .   More info at https://www.frida.re/docs/home/
Attaching...
```

Terminal 2
```
$ ./flug
Welcome to the airport
======================
How can we help you today?
The menu
================
1: login
2: register
3: view ticket
4: view flight bookings
5: anonymous
6: about
7: exit
================
[1]    14007 segmentation fault (core dumped)  ./flug
```

What gdb says:

```
Program terminated with signal SIGSEGV, Segmentation fault.
#0  __vfprintf_internal (s=0x0, format=0x5555555562e5 "%d %llu\n", ap=ap@entry=0x7fffffffe090, mode_flags=mode_flags@entry=0) at vfprintf-internal.c:1328
1328	vfprintf-internal.c: No such file or directory.
LEGEND: STACK | HEAP | CODE | DATA | RWX | RODATA
───────────────────────────────────────────────────────────────────────────────────────[ REGISTERS ]────────────────────────────────────────────────────────────────────────────────────────
 RAX  0x15
 RBX  0x555555555f90 (__libc_csu_init) ◂— push   r15
 RCX  0x0
 RDX  0x7fffffffe090 ◂— 0x3000000010
 RDI  0x0
 RSI  0x5555555562e5 ◂— and    eax, 0x6c252064 /* '%d %llu\n' */
 R8   0x0
 R9   0x1
 R10  0x1b6
 R11  0x246
 R12  0x0
 R13  0x5555555562e5 ◂— and    eax, 0x6c252064 /* '%d %llu\n' */
 R14  0x7fffffffe090 ◂— 0x3000000010
 R15  0x0
 RBP  0x7fffffffe080 —▸ 0x7fffffffe2a0 —▸ 0x7fffffffe2d0 —▸ 0x7fffffffe3f0 —▸ 0x7fffffffe410 ◂— ...
 RSP  0x7fffffffdb10 ◂— 0x0
 RIP  0x7ffff7e46a26 (__vfprintf_internal+70) ◂— 0xc085000000c0878b
─────────────────────────────────────────────────────────────────────────────────────────[ DISASM ]─────────────────────────────────────────────────────────────────────────────────────────
 ► 0x7ffff7e46a26 <__vfprintf_internal+70>      mov    eax, dword ptr [rdi + 0xc0]
   0x7ffff7e46a2c <__vfprintf_internal+76>      test   eax, eax
   0x7ffff7e46a2e <__vfprintf_internal+78>      jne    __vfprintf_internal+656 <0x7ffff7e46c70>
    ↓
   0x7ffff7e46c70 <__vfprintf_internal+656>     cmp    eax, -1
   0x7ffff7e46c73 <__vfprintf_internal+659>     je     __vfprintf_internal+94 <0x7ffff7e46a3e>
    ↓
   0x7ffff7e46a3e <__vfprintf_internal+94>      mov    r15d, dword ptr [r12]
   0x7ffff7e46a42 <__vfprintf_internal+98>      test   r15b, 8
   0x7ffff7e46a46 <__vfprintf_internal+102>     jne    __vfprintf_internal+9905 <0x7ffff7e49091>
    ↓
   0x7ffff7e49091 <__vfprintf_internal+9905>    mov    rax, qword ptr [rip + 0x16edd8]
   0x7ffff7e49098 <__vfprintf_internal+9912>    or     r15d, 0x20
   0x7ffff7e4909c <__vfprintf_internal+9916>    mov    r9d, 0xffffffff
─────────────────────────────────────────────────────────────────────────────────────────[ STACK ]──────────────────────────────────────────────────────────────────────────────────────────
00:0000│ rsp  0x7fffffffdb10 ◂— 0x0
... ↓
02:0010│      0x7fffffffdb20 ◂— 0x2
03:0018│      0x7fffffffdb28 —▸ 0x7fffffffdd70 ◂— 0x3000000008
04:0020│      0x7fffffffdb30 —▸ 0x7ffff7fb56c0 (_nl_C_LC_CTYPE) —▸ 0x7ffff7f85fc6 (_nl_C_name) ◂— 0x636d656d5f5f0043 /* 'C' */
05:0028│      0x7fffffffdb38 ◂— 0x0
... ↓
07:0038│      0x7fffffffdb48 ◂— 0x1
───────────────────────────────────────────────────────────────────────────────────────[ BACKTRACE ]────────────────────────────────────────────────────────────────────────────────────────
 ► f 0     7ffff7e46a26 __vfprintf_internal+70
   f 1     7ffff7e31dea fprintf+154
   f 2     5555555555c7 add_ticket+217
   f 3     555555555bbb logged_in+97
   f 4     555555555e00 login+459
   f 5     555555555ec4 main+99
   f 6     7ffff7df40b3 __libc_start_main+243
────────────────────────────────────────────────────────────────────────────────────────────────────────────────────────────────────────────────────────────────────────────────────────────
```

RDI is 0 and gets dreferenced with an offset of 0xc0 which is most definitely not mapped.... `mov    eax, dword ptr [rdi + 0xc0]`

Additional information:

```
$ uname -a
Linux ubuntu2004.localdomain 5.4.0-33-generic #37-Ubuntu SMP Thu May 21 12:53:59 UTC 2020 x86_64 x86_64 x86_64 GNU/Linux

$ cat /etc/issue
Ubuntu 20.04 LTS \n \l

$ ldd flug	
	linux-vdso.so.1 (0x00007ffff7fce000)
	libc.so.6 => /lib/x86_64-linux-gnu/libc.so.6 (0x00007ffff7bc9000)
	/lib64/ld-linux-x86-64.so.2 (0x00007ffff7fcf000)

$ /lib/x86_64-linux-gnu/libc.so.6
GNU C Library (Ubuntu GLIBC 2.31-0ubuntu9) stable release version 2.31.
Copyright (C) 2020 Free Software Foundation, Inc.
This is free software; see the source for copying conditions.
There is NO warranty; not even for MERCHANTABILITY or FITNESS FOR A
PARTICULAR PURPOSE.
Compiled by GNU CC version 9.3.0.
libc ABIs: UNIQUE IFUNC ABSOLUTE
For bug reporting instructions, please see:
<https://bugs.launchpad.net/ubuntu/+source/glibc/+bugs>.

$ checksec flug
[*] '/vagrant/enowars4/flug'
    Arch:     amd64-64-little
    RELRO:    Full RELRO
    Stack:    Canary found
    NX:       NX enabled
    PIE:      PIE enabled
```

I also attached the binary `flug` so that you can check it out yourself :)
[flug.zip](https://github.com/frida/frida-core/files/5006609/flug.zip)

Thanks a lot for frida!

**Comment by oleavr** [comment]
Thanks for reporting! Reopening, as I'd like to take a look at this eventually -- just need to find the time.
